2021-12-03 19:42:14 - INFO - "GET / HTTP/1.1" 200 1219
2021-12-03 19:42:14 - INFO - "GET /static/style.css HTTP/1.1" 200 648
2021-12-03 19:42:14 - WARNING - Python-dotenv could not parse statement starting at line 19
2021-12-03 19:42:14 - WARNING - Python-dotenv could not parse statement starting at line 21
2021-12-03 19:42:14 - WARNING - Python-dotenv could not parse statement starting at line 22
2021-12-03 19:42:14 - WARNING - Python-dotenv could not parse statement starting at line 23
2021-12-03 19:42:14 - WARNING - Python-dotenv could not parse statement starting at line 24
2021-12-03 19:42:14 - WARNING - Python-dotenv could not parse statement starting at line 25
2021-12-03 19:42:14 - WARNING - Python-dotenv could not parse statement starting at line 26
2021-12-03 19:42:35 - ERROR - QueryException in 0 on line 0
2021-12-03 19:42:35 - ERROR - "GET /blog HTTP/1.1" 500 980698
2021-12-03 19:43:50 - ERROR - QueryException in 0 on line 0
2021-12-03 19:43:50 - ERROR - "GET /blog HTTP/1.1" 500 980749
2021-12-03 19:47:58 - WARNING - Python-dotenv could not parse statement starting at line 19
2021-12-03 19:47:58 - WARNING - Python-dotenv could not parse statement starting at line 21
2021-12-03 19:47:58 - WARNING - Python-dotenv could not parse statement starting at line 22
2021-12-03 19:47:58 - WARNING - Python-dotenv could not parse statement starting at line 23
2021-12-03 19:47:58 - WARNING - Python-dotenv could not parse statement starting at line 24
2021-12-03 19:47:58 - WARNING - Python-dotenv could not parse statement starting at line 25
2021-12-03 19:47:58 - WARNING - Python-dotenv could not parse statement starting at line 26
2021-12-03 19:48:27 - WARNING - Python-dotenv could not parse statement starting at line 19
2021-12-03 19:48:27 - WARNING - Python-dotenv could not parse statement starting at line 21
2021-12-03 19:48:27 - WARNING - Python-dotenv could not parse statement starting at line 22
2021-12-03 19:48:27 - WARNING - Python-dotenv could not parse statement starting at line 23
2021-12-03 19:48:27 - WARNING - Python-dotenv could not parse statement starting at line 24
2021-12-03 19:48:27 - WARNING - Python-dotenv could not parse statement starting at line 25
2021-12-03 19:48:27 - WARNING - Python-dotenv could not parse statement starting at line 26
2021-12-03 19:48:27 - INFO - "GET /blog HTTP/1.1" 200 2
2021-12-03 19:52:36 - WARNING - Python-dotenv could not parse statement starting at line 19
2021-12-03 19:52:36 - WARNING - Python-dotenv could not parse statement starting at line 21
2021-12-03 19:52:36 - WARNING - Python-dotenv could not parse statement starting at line 22
2021-12-03 19:52:36 - WARNING - Python-dotenv could not parse statement starting at line 23
2021-12-03 19:52:36 - WARNING - Python-dotenv could not parse statement starting at line 24
2021-12-03 19:52:36 - WARNING - Python-dotenv could not parse statement starting at line 25
2021-12-03 19:52:36 - WARNING - Python-dotenv could not parse statement starting at line 26
2021-12-03 19:52:51 - WARNING - Python-dotenv could not parse statement starting at line 19
2021-12-03 19:52:51 - WARNING - Python-dotenv could not parse statement starting at line 21
2021-12-03 19:52:51 - WARNING - Python-dotenv could not parse statement starting at line 22
2021-12-03 19:52:51 - WARNING - Python-dotenv could not parse statement starting at line 23
2021-12-03 19:52:51 - WARNING - Python-dotenv could not parse statement starting at line 24
2021-12-03 19:52:51 - WARNING - Python-dotenv could not parse statement starting at line 25
2021-12-03 19:52:51 - WARNING - Python-dotenv could not parse statement starting at line 26
2021-12-03 19:52:51 - INFO - "GET /blog HTTP/1.1" 200 424
2021-12-03 19:55:35 - WARNING - Python-dotenv could not parse statement starting at line 19
2021-12-03 19:55:35 - WARNING - Python-dotenv could not parse statement starting at line 21
2021-12-03 19:55:35 - WARNING - Python-dotenv could not parse statement starting at line 22
2021-12-03 19:55:35 - WARNING - Python-dotenv could not parse statement starting at line 23
2021-12-03 19:55:35 - WARNING - Python-dotenv could not parse statement starting at line 24
2021-12-03 19:55:35 - WARNING - Python-dotenv could not parse statement starting at line 25
2021-12-03 19:55:35 - WARNING - Python-dotenv could not parse statement starting at line 26
2021-12-03 19:55:35 - ERROR - QueryException in 0 on line 0
2021-12-03 19:55:35 - ERROR - "GET /blog/1 HTTP/1.1" 500 978514
2021-12-03 19:55:50 - ERROR - QueryException in 0 on line 0
2021-12-03 19:55:50 - ERROR - "GET /blog/1 HTTP/1.1" 500 978593
2021-12-03 19:57:18 - WARNING - Python-dotenv could not parse statement starting at line 19
2021-12-03 19:57:18 - WARNING - Python-dotenv could not parse statement starting at line 21
2021-12-03 19:57:18 - WARNING - Python-dotenv could not parse statement starting at line 22
2021-12-03 19:57:18 - WARNING - Python-dotenv could not parse statement starting at line 23
2021-12-03 19:57:18 - WARNING - Python-dotenv could not parse statement starting at line 24
2021-12-03 19:57:18 - WARNING - Python-dotenv could not parse statement starting at line 25
2021-12-03 19:57:18 - WARNING - Python-dotenv could not parse statement starting at line 26
2021-12-03 19:57:40 - WARNING - Python-dotenv could not parse statement starting at line 19
2021-12-03 19:57:40 - WARNING - Python-dotenv could not parse statement starting at line 21
2021-12-03 19:57:40 - WARNING - Python-dotenv could not parse statement starting at line 22
2021-12-03 19:57:40 - WARNING - Python-dotenv could not parse statement starting at line 23
2021-12-03 19:57:40 - WARNING - Python-dotenv could not parse statement starting at line 24
2021-12-03 19:57:40 - WARNING - Python-dotenv could not parse statement starting at line 25
2021-12-03 19:57:40 - WARNING - Python-dotenv could not parse statement starting at line 26
2021-12-03 19:57:40 - INFO - "GET /blog HTTP/1.1" 200 2
2021-12-03 19:58:06 - WARNING - Python-dotenv could not parse statement starting at line 19
2021-12-03 19:58:06 - WARNING - Python-dotenv could not parse statement starting at line 21
2021-12-03 19:58:06 - WARNING - Python-dotenv could not parse statement starting at line 22
2021-12-03 19:58:06 - WARNING - Python-dotenv could not parse statement starting at line 23
2021-12-03 19:58:06 - WARNING - Python-dotenv could not parse statement starting at line 24
2021-12-03 19:58:06 - WARNING - Python-dotenv could not parse statement starting at line 25
2021-12-03 19:58:06 - WARNING - Python-dotenv could not parse statement starting at line 26
2021-12-03 19:58:11 - WARNING - Python-dotenv could not parse statement starting at line 19
2021-12-03 19:58:11 - WARNING - Python-dotenv could not parse statement starting at line 21
2021-12-03 19:58:11 - WARNING - Python-dotenv could not parse statement starting at line 22
2021-12-03 19:58:11 - WARNING - Python-dotenv could not parse statement starting at line 23
2021-12-03 19:58:11 - WARNING - Python-dotenv could not parse statement starting at line 24
2021-12-03 19:58:11 - WARNING - Python-dotenv could not parse statement starting at line 25
2021-12-03 19:58:11 - WARNING - Python-dotenv could not parse statement starting at line 26
2021-12-03 19:58:11 - INFO - "GET /blog HTTP/1.1" 200 451
2021-12-03 19:58:11 - INFO - "GET /blog/1 HTTP/1.1" 200 145
2021-12-03 19:58:11 - INFO - "GET /blog/2 HTTP/1.1" 200 142
2021-12-03 19:59:43 - ERROR - InvalidCSRFToken in 0 on line 0
2021-12-03 19:59:43 - ERROR - "PUT /blog/2 HTTP/1.1" 500 969010
2021-12-03 19:59:53 - ERROR - InvalidCSRFToken in 0 on line 0
2021-12-03 19:59:53 - ERROR - "PUT /blog/2 HTTP/1.1" 500 968542
2021-12-03 20:01:25 - ERROR - InvalidCSRFToken in 0 on line 0
2021-12-03 20:01:25 - ERROR - "PUT /blog/2 HTTP/1.1" 500 968537
2021-12-03 20:03:06 - ERROR - InvalidCSRFToken in 0 on line 0
2021-12-03 20:03:06 - ERROR - "POST /blog HTTP/1.1" 500 967635
2021-12-03 20:06:00 - ERROR - InvalidCSRFToken in 0 on line 0
2021-12-03 20:06:00 - ERROR - "POST /blog HTTP/1.1" 500 967937
2021-12-03 20:07:51 - WARNING - Python-dotenv could not parse statement starting at line 19
2021-12-03 20:07:51 - WARNING - Python-dotenv could not parse statement starting at line 21
2021-12-03 20:07:51 - WARNING - Python-dotenv could not parse statement starting at line 22
2021-12-03 20:07:51 - WARNING - Python-dotenv could not parse statement starting at line 23
2021-12-03 20:07:51 - WARNING - Python-dotenv could not parse statement starting at line 24
2021-12-03 20:07:51 - WARNING - Python-dotenv could not parse statement starting at line 25
2021-12-03 20:07:51 - WARNING - Python-dotenv could not parse statement starting at line 26
2021-12-03 20:07:51 - INFO - "POST /blog HTTP/1.1" 200 125
2021-12-03 20:07:51 - INFO - "PUT /blog/2 HTTP/1.1" 200 139
2021-12-03 20:07:51 - INFO - "GET /blog/2 HTTP/1.1" 200 139
2021-12-03 20:07:51 - INFO - "GET /blog HTTP/1.1" 200 436
